Build started 8/16/2017 11:06:12 PM.
     1>Project "E:\PROJECTS\NTUT\grasp_classification\deep\deep\deep.vcxproj" on node 2 (Build target(s)).
     1>ClCompile:
         C:\Program Files (x86)\Microsoft Visual Studio 12.0\VC\bin\CL.exe /c /ZI /nologo /W3 /WX- /sdl /Od /Oy- /D WIN32 /D _WINDOWS /D _DEBUG /D _UNICODE /D UNICODE /D _AFXDLL /Gm /EHsc /RTC1 /MDd /GS /fp:precise /Zc:wchar_t /Zc:forScope /Yu"stdafx.h" /Fp"Debug\deep.pch" /Fo"Debug\\" /Fd"Debug\vc120.pdb" /Gd /TP /analyze- /errorReport:prompt deep.cpp deepDlg.cpp deepnet.cpp prep.cpp
         deepnet.cpp
         deepDlg.cpp
         Generating Code...
         Skipping... (no relevant changes detected)
         prep.cpp
         deep.cpp
       ResourceCompile:
         C:\Program Files (x86)\Windows Kits\8.1\bin\x86\rc.exe /D _DEBUG /D _UNICODE /D UNICODE /D _AFXDLL /l"0x0409" /IDebug\ /nologo /fo"Debug\deep.res" deep.rc 
       Link:
         C:\Program Files (x86)\Microsoft Visual Studio 12.0\VC\bin\link.exe /ERRORREPORT:PROMPT /OUT:"E:\PROJECTS\NTUT\grasp_classification\deep\Debug\deep.exe" /INCREMENTAL /NOLOGO /MANIFEST /MANIFESTUAC:"level='asInvoker' uiAccess='false'" /manifest:embed /manifestinput:"C:\Program Files (x86)\Microsoft Visual Studio 12.0\VC\Include\Manifest\dpiaware.manifest" /DEBUG /PDB:"E:\PROJECTS\NTUT\grasp_classification\deep\Debug\deep.pdb" /SUBSYSTEM:WINDOWS /TLBID:1 /ENTRY:"wWinMainCRTStartup" /DYNAMICBASE /NXCOMPAT /IMPLIB:"E:\PROJECTS\NTUT\grasp_classification\deep\Debug\deep.lib" /MACHINE:X86 Debug\deep.res
         Debug\deep.obj
         Debug\deepDlg.obj
         Debug\deepnet.obj
         Debug\prep.obj
         Debug\stdafx.obj
         deep.vcxproj -> E:\PROJECTS\NTUT\grasp_classification\deep\Debug\deep.exe
     1>Done Building Project "E:\PROJECTS\NTUT\grasp_classification\deep\deep\deep.vcxproj" (Build target(s)).

Build succeeded.

Time Elapsed 00:00:01.82
